npm verbose cli C:\Program Files\nodejs\node.exe C:\Program Files\nodejs\node_modules\npm\bin\npm-cli.js
npm info using npm@10.7.0
npm info using node@v22.2.0
npm verbose title npm install
npm verbose argv "install" "--legacy-peer-deps" "--loglevel" "verbose"
npm verbose logfile logs-max:10 dir:C:\Users\LaurenLingham\AppData\Local\npm-cache\_logs\2024-08-26T11_26_05_796Z-
npm verbose logfile C:\Users\LaurenLingham\AppData\Local\npm-cache\_logs\2024-08-26T11_26_05_796Z-debug-0.log
npm http fetch GET 200 https://registry.npmjs.org/browserstack-cypress-cli 664ms (cache revalidated)
npm http fetch GET 200 https://registry.npmjs.org/cypress 56ms (cache revalidated)
npm http fetch GET 200 https://registry.npmjs.org/fs-extra 139ms (cache revalidated)
npm http fetch GET 200 https://registry.npmjs.org/chalk 148ms (cache revalidated)
npm http fetch GET 200 https://registry.npmjs.org/getmac 164ms (cache revalidated)
npm http fetch GET 200 https://registry.npmjs.org/git-last-commit 192ms (cache revalidated)
npm http fetch GET 200 https://registry.npmjs.org/browserstack-local 194ms (cache revalidated)
npm http fetch GET 200 https://registry.npmjs.org/async 196ms (cache revalidated)
npm http fetch GET 200 https://registry.npmjs.org/glob 198ms (cache revalidated)
npm http fetch GET 200 https://registry.npmjs.org/archiver 207ms (cache revalidated)
npm http fetch GET 200 https://registry.npmjs.org/gitconfiglocal 207ms (cache revalidated)
npm http fetch GET 200 https://registry.npmjs.org/git-repo-info 209ms (cache revalidated)
npm http fetch GET 200 https://registry.npmjs.org/mkdirp 71ms (cache revalidated)
npm http fetch GET 200 https://registry.npmjs.org/mocha 85ms (cache revalidated)
npm http fetch GET 200 https://registry.npmjs.org/node-ipc 87ms (cache revalidated)
npm http fetch GET 200 https://registry.npmjs.org/uuid 79ms (cache revalidated)
npm http fetch GET 200 https://registry.npmjs.org/yargs 79ms (cache revalidated)
npm http fetch GET 200 https://registry.npmjs.org/decompress 75ms (cache revalidated)
npm http fetch GET 200 https://registry.npmjs.org/windows-release 114ms (cache revalidated)
npm http fetch GET 200 https://registry.npmjs.org/requestretry 129ms (cache revalidated)
npm http fetch GET 200 https://registry.npmjs.org/table 128ms (cache revalidated)
npm http fetch GET 200 https://registry.npmjs.org/winston 121ms (cache revalidated)
npm http fetch GET 200 https://registry.npmjs.org/update-notifier 130ms (cache revalidated)
npm http fetch GET 200 https://registry.npmjs.org/request 146ms (cache revalidated)
npm http fetch GET 200 https://registry.npmjs.org/tmp 92ms (cache revalidated)
npm http fetch GET 200 https://registry.npmjs.org/arch 80ms (cache revalidated)
npm http fetch GET 200 https://registry.npmjs.org/execa 69ms (cache revalidated)
npm http fetch GET 200 https://registry.npmjs.org/dayjs 91ms (cache updated)
npm http fetch GET 200 https://registry.npmjs.org/lodash 41ms (cache revalidated)
npm http fetch GET 200 https://registry.npmjs.org/getos 93ms (cache revalidated)
npm http fetch GET 200 https://registry.npmjs.org/debug 120ms (cache revalidated)
npm http fetch GET 200 https://registry.npmjs.org/buffer 106ms (cache revalidated)
npm http fetch GET 200 https://registry.npmjs.org/ospath 72ms (cache revalidated)
npm http fetch GET 200 https://registry.npmjs.org/yauzl 121ms (cache revalidated)
npm http fetch GET 200 https://registry.npmjs.org/semver 64ms (cache revalidated)
npm http fetch GET 200 https://registry.npmjs.org/is-ci 133ms (cache revalidated)
npm http fetch GET 200 https://registry.npmjs.org/listr2 122ms (cache revalidated)
npm http fetch GET 200 https://registry.npmjs.org/figures 69ms (cache revalidated)
npm http fetch GET 200 https://registry.npmjs.org/process 61ms (cache revalidated)
npm http fetch GET 200 https://registry.npmjs.org/bluebird 68ms (cache revalidated)
npm http fetch GET 200 https://registry.npmjs.org/enquirer 77ms (cache revalidated)
npm http fetch GET 200 https://registry.npmjs.org/cachedir 90ms (cache revalidated)
npm http fetch GET 200 https://registry.npmjs.org/commander 83ms (cache revalidated)
npm http fetch GET 200 https://registry.npmjs.org/blob-util 94ms (cache revalidated)
npm http fetch GET 200 https://registry.npmjs.org/lazy-ass 107ms (cache revalidated)
npm http fetch GET 200 https://registry.npmjs.org/cli-cursor 84ms (cache revalidated)
npm http fetch GET 200 https://registry.npmjs.org/minimist 103ms (cache revalidated)
npm http fetch GET 200 https://registry.npmjs.org/cli-table3 88ms (cache revalidated)
npm http fetch GET 200 https://registry.npmjs.org/executable 74ms (cache revalidated)
npm http fetch GET 200 https://registry.npmjs.org/cli-progress 566ms (cache revalidated)
npm http fetch GET 200 https://registry.npmjs.org/untildify 104ms (cache revalidated)
npm http fetch GET 200 https://registry.npmjs.org/@types%2fnode 79ms (cache revalidated)
npm http fetch GET 200 https://registry.npmjs.org/log-symbols 133ms (cache revalidated)
npm http fetch GET 200 https://registry.npmjs.org/supports-color 122ms (cache revalidated)
npm http fetch GET 200 https://registry.npmjs.org/common-tags 158ms (cache revalidated)
npm http fetch GET 200 https://registry.npmjs.org/proxy-from-env 129ms (cache revalidated)
npm http fetch GET 200 https://registry.npmjs.org/pretty-bytes 136ms (cache revalidated)
npm http fetch GET 200 https://registry.npmjs.org/eventemitter2 131ms (cache revalidated)
npm http fetch GET 200 https://registry.npmjs.org/extract-zip 147ms (cache revalidated)
npm http fetch GET 200 https://registry.npmjs.org/@types%2fsizzle 137ms (cache updated)
npm http fetch GET 200 https://registry.npmjs.org/@cypress%2frequest 159ms (cache revalidated)
npm http fetch GET 200 https://registry.npmjs.org/check-more-types 80ms (cache revalidated)
npm http fetch GET 200 https://registry.npmjs.org/is-installed-globally 76ms (cache revalidated)
npm http fetch GET 200 https://registry.npmjs.org/request-progress 78ms (cache revalidated)
npm http fetch GET 200 https://registry.npmjs.org/@types%2fsinonjs__fake-timers 119ms (cache updated)
npm http fetch GET 200 https://registry.npmjs.org/@cypress%2fxvfb 634ms (cache revalidated)
npm http fetch GET 200 https://registry.npmjs.org/tar-stream 45ms (cache revalidated)
npm http fetch GET 200 https://registry.npmjs.org/readable-stream 55ms (cache revalidated)
npm http fetch GET 200 https://registry.npmjs.org/https-proxy-agent 59ms (cache revalidated)
npm http fetch GET 200 https://registry.npmjs.org/ps-tree 72ms (cache revalidated)
npm http fetch GET 200 https://registry.npmjs.org/archiver-utils 75ms (cache revalidated)
npm http fetch GET 200 https://registry.npmjs.org/readdir-glob 76ms (cache revalidated)
npm http fetch GET 200 https://registry.npmjs.org/is-running 78ms (cache revalidated)
npm http fetch GET 200 https://registry.npmjs.org/buffer-crc32 81ms (cache revalidated)
npm http fetch GET 200 https://registry.npmjs.org/agent-base 85ms (cache revalidated)
npm http fetch GET 200 https://registry.npmjs.org/temp-fs 89ms (cache revalidated)
npm http fetch GET 200 https://registry.npmjs.org/string-width 43ms (cache revalidated)
npm http fetch GET 200 https://registry.npmjs.org/ansi-styles 57ms (cache revalidated)
npm http fetch GET 200 https://registry.npmjs.org/decompress-tar 44ms (cache revalidated)
npm http fetch GET 200 https://registry.npmjs.org/decompress-targz 45ms (cache revalidated)
npm http fetch GET 200 https://registry.npmjs.org/decompress-tarbz2 61ms (cache revalidated)
npm http fetch GET 200 https://registry.npmjs.org/graceful-fs 56ms (cache revalidated)
npm http fetch GET 200 https://registry.npmjs.org/make-dir 57ms (cache revalidated)
npm http fetch GET 200 https://registry.npmjs.org/strip-dirs 49ms (cache revalidated)
npm http fetch GET 200 https://registry.npmjs.org/decompress-unzip 71ms (cache revalidated)
npm http fetch GET 200 https://registry.npmjs.org/pify 62ms (cache revalidated)
npm http fetch GET 200 https://registry.npmjs.org/graceful-fs 49ms (cache revalidated)
npm http fetch GET 200 https://registry.npmjs.org/jsonfile 51ms (cache revalidated)
npm http fetch GET 200 https://registry.npmjs.org/ini 38ms (cache revalidated)
npm http fetch GET 200 https://registry.npmjs.org/universalify 78ms (cache revalidated)
npm http fetch GET 200 https://registry.npmjs.org/once 53ms (cache revalidated)
npm http fetch GET 200 https://registry.npmjs.org/inherits 59ms (cache revalidated)
npm http fetch GET 200 https://registry.npmjs.org/minimatch 59ms (cache revalidated)
npm http fetch GET 200 https://registry.npmjs.org/ansi-colors 53ms (cache revalidated)
npm http fetch GET 200 https://registry.npmjs.org/path-is-absolute 58ms (cache revalidated)
npm http fetch GET 200 https://registry.npmjs.org/fs.realpath 71ms (cache revalidated)
npm http fetch GET 200 https://registry.npmjs.org/chokidar 59ms (cache revalidated)
npm http fetch GET 200 https://registry.npmjs.org/inflight 92ms (cache revalidated)
npm http fetch GET 200 https://registry.npmjs.org/escape-string-regexp 47ms (cache revalidated)
npm http fetch GET 200 https://registry.npmjs.org/diff 53ms (cache revalidated)
npm http fetch GET 200 https://registry.npmjs.org/browser-stdout 83ms (cache revalidated)
npm http fetch GET 200 https://registry.npmjs.org/he 50ms (cache revalidated)
npm http fetch GET 200 https://registry.npmjs.org/serialize-javascript 44ms (cache revalidated)
npm http fetch GET 200 https://registry.npmjs.org/ms 60ms (cache revalidated)
npm http fetch GET 200 https://registry.npmjs.org/find-up 78ms (cache revalidated)
npm http fetch GET 200 https://registry.npmjs.org/js-yaml 70ms (cache revalidated)
npm http fetch GET 200 https://registry.npmjs.org/yargs-parser 53ms (cache revalidated)
npm http fetch GET 200 https://registry.npmjs.org/strip-json-comments 69ms (cache revalidated)
npm http fetch GET 200 https://registry.npmjs.org/qs 42ms (cache revalidated)
npm http fetch GET 200 https://registry.npmjs.org/yargs-unparser 84ms (cache revalidated)
npm http fetch GET 200 https://registry.npmjs.org/js-queue 84ms (cache revalidated)
npm http fetch GET 200 https://registry.npmjs.org/js-message 75ms (cache revalidated)
npm http fetch GET 200 https://registry.npmjs.org/event-pubsub 68ms (cache revalidated)
npm http fetch GET 200 https://registry.npmjs.org/aws4 60ms (cache revalidated)
npm http fetch GET 200 https://registry.npmjs.org/extend 60ms (cache revalidated)
npm http fetch GET 200 https://registry.npmjs.org/isstream 64ms (cache revalidated)
npm http fetch GET 200 https://registry.npmjs.org/workerpool 144ms (cache revalidated)
npm http fetch GET 200 https://registry.npmjs.org/mime-types 55ms (cache revalidated)
npm http fetch GET 200 https://registry.npmjs.org/aws-sign2 65ms (cache revalidated)
npm http fetch GET 200 https://registry.npmjs.org/tough-cookie 47ms (cache revalidated)
npm http fetch GET 200 https://registry.npmjs.org/tunnel-agent 48ms (cache revalidated)
npm http fetch GET 200 https://registry.npmjs.org/safe-buffer 55ms (cache revalidated)
npm http fetch GET 200 https://registry.npmjs.org/caseless 100ms (cache revalidated)
npm http fetch GET 200 https://registry.npmjs.org/oauth-sign 69ms (cache revalidated)
npm http fetch GET 200 https://registry.npmjs.org/form-data 86ms (cache revalidated)
npm http fetch GET 200 https://registry.npmjs.org/forever-agent 64ms (cache revalidated)
npm http fetch GET 200 https://registry.npmjs.org/is-typedarray 57ms (cache revalidated)
npm http fetch GET 200 https://registry.npmjs.org/har-validator 81ms (cache revalidated)
npm http fetch GET 200 https://registry.npmjs.org/slice-ansi 61ms (cache revalidated)
npm http fetch GET 200 https://registry.npmjs.org/performance-now 75ms (cache revalidated)
npm http fetch GET 200 https://registry.npmjs.org/json-stringify-safe 75ms (cache revalidated)
npm http fetch GET 200 https://registry.npmjs.org/ajv 75ms (cache revalidated)
npm http fetch GET 200 https://registry.npmjs.org/http-signature 96ms (cache revalidated)
npm http fetch GET 200 https://registry.npmjs.org/combined-stream 95ms (cache revalidated)
npm http fetch GET 200 https://registry.npmjs.org/pupa 77ms (cache revalidated)
npm http fetch GET 200 https://registry.npmjs.org/boxen 67ms (cache revalidated)
npm http fetch GET 200 https://registry.npmjs.org/is-npm 61ms (cache revalidated)
npm http fetch GET 200 https://registry.npmjs.org/colors 49ms (cache revalidated)
npm http fetch GET 200 https://registry.npmjs.org/configstore 86ms (cache revalidated)
npm http fetch GET 200 https://registry.npmjs.org/import-lazy 85ms (cache revalidated)
npm http fetch GET 200 https://registry.npmjs.org/latest-version 72ms (cache revalidated)
npm http fetch GET 200 https://registry.npmjs.org/semver-diff 93ms (cache revalidated)
npm http fetch GET 200 https://registry.npmjs.org/xdg-basedir 85ms (cache revalidated)
npm http fetch GET 200 https://registry.npmjs.org/eyes 84ms (cache revalidated)
npm http fetch GET 200 https://registry.npmjs.org/zip-stream 567ms (cache revalidated)
npm http fetch GET 200 https://registry.npmjs.org/cycle 78ms (cache revalidated)
npm http fetch GET 200 https://registry.npmjs.org/is-in-ci 118ms (cache revalidated)
npm http fetch GET 200 https://registry.npmjs.org/decamelize 52ms (cache revalidated)
npm http fetch GET 200 https://registry.npmjs.org/cliui 65ms (cache revalidated)
npm http fetch GET 200 https://registry.npmjs.org/y18n 68ms (cache revalidated)
npm http fetch GET 200 https://registry.npmjs.org/stack-trace 116ms (cache revalidated)
npm http fetch GET 200 https://registry.npmjs.org/which-module 58ms (cache revalidated)
npm http fetch GET 200 https://registry.npmjs.org/require-main-filename 49ms (cache revalidated)
npm http fetch GET 200 https://registry.npmjs.org/get-caller-file 57ms (cache revalidated)
npm http fetch GET 200 https://registry.npmjs.org/require-directory 57ms (cache revalidated)
npm http fetch GET 200 https://registry.npmjs.org/set-blocking 77ms (cache revalidated)
npm http fetch GET 200 https://registry.npmjs.org/util-deprecate 45ms (cache revalidated)
npm http fetch GET 200 https://registry.npmjs.org/normalize-path 51ms (cache revalidated)
npm http fetch GET 200 https://registry.npmjs.org/end-of-stream 52ms (cache revalidated)
npm http fetch GET 200 https://registry.npmjs.org/bl 53ms (cache revalidated)
npm http fetch GET 200 https://registry.npmjs.org/string_decoder 61ms (cache revalidated)
npm http fetch GET 200 https://registry.npmjs.org/lodash.difference 63ms (cache revalidated)
npm http fetch GET 200 https://registry.npmjs.org/lodash.defaults 82ms (cache revalidated)
npm http fetch GET 200 https://registry.npmjs.org/lodash.flatten 82ms (cache revalidated)
npm http fetch GET 200 https://registry.npmjs.org/lodash.isplainobject 84ms (cache revalidated)
npm http fetch GET 200 https://registry.npmjs.org/lazystream 85ms (cache revalidated)
npm http fetch GET 200 https://registry.npmjs.org/fs-constants 44ms (cache revalidated)
npm http fetch GET 200 https://registry.npmjs.org/lodash.union 98ms (cache revalidated)
npm http fetch GET 200 https://registry.npmjs.org/compress-commons 68ms (cache revalidated)
npm http fetch GET 200 https://registry.npmjs.org/process-nextick-args 48ms (cache revalidated)
npm http fetch GET 200 https://registry.npmjs.org/core-util-is 50ms (cache revalidated)
npm http fetch GET 200 https://registry.npmjs.org/isarray 52ms (cache revalidated)
npm http fetch GET 200 https://registry.npmjs.org/rimraf 76ms (cache revalidated)
npm http fetch GET 200 https://registry.npmjs.org/event-stream 78ms (cache revalidated)
npm http fetch GET 200 https://registry.npmjs.org/color-convert 54ms (cache revalidated)
npm http fetch GET 200 https://registry.npmjs.org/has-flag 90ms (cache revalidated)
npm http fetch GET 200 https://registry.npmjs.org/color-name 69ms (cache revalidated)
npm http fetch GET 200 https://registry.npmjs.org/is-fullwidth-code-point 47ms (cache revalidated)
npm http fetch GET 200 https://registry.npmjs.org/emoji-regex 53ms (cache revalidated)
npm http fetch GET 200 https://registry.npmjs.org/strip-ansi 59ms (cache revalidated)
npm http fetch GET 200 https://registry.npmjs.org/signal-exit 54ms (cache revalidated)
npm http fetch GET 200 https://registry.npmjs.org/merge-stream 56ms (cache revalidated)
npm http fetch GET 200 https://registry.npmjs.org/ieee754 64ms (cache revalidated)
npm http fetch GET 200 https://registry.npmjs.org/get-stream 63ms (cache revalidated)
npm http fetch GET 200 https://registry.npmjs.org/base64-js 68ms (cache revalidated)
npm http fetch GET 200 https://registry.npmjs.org/is-stream 67ms (cache revalidated)
npm http fetch GET 200 https://registry.npmjs.org/onetime 70ms (cache revalidated)
npm http fetch GET 200 https://registry.npmjs.org/lodash.once 88ms (cache revalidated)
npm http fetch GET 200 https://registry.npmjs.org/cross-spawn 90ms (cache revalidated)
npm http fetch GET 200 https://registry.npmjs.org/restore-cursor 94ms (cache revalidated)
npm http fetch GET 200 https://registry.npmjs.org/npm-run-path 58ms (cache revalidated)
npm http fetch GET 200 https://registry.npmjs.org/human-signals 65ms (cache revalidated)
npm http fetch GET 200 https://registry.npmjs.org/strip-final-newline 63ms (cache revalidated)
npm http fetch GET 200 https://registry.npmjs.org/ci-info 61ms (cache revalidated)
npm http fetch GET 200 https://registry.npmjs.org/at-least-node 66ms (cache revalidated)
npm http fetch GET 200 https://registry.npmjs.org/global-dirs 73ms (cache revalidated)
npm http fetch GET 200 https://registry.npmjs.org/rxjs 54ms (cache revalidated)
npm http fetch GET 200 https://registry.npmjs.org/rfdc 66ms (cache revalidated)
npm http fetch GET 200 https://registry.npmjs.org/is-path-inside 76ms (cache revalidated)
npm http fetch GET 200 https://registry.npmjs.org/through 47ms (cache revalidated)
npm http fetch GET 200 https://registry.npmjs.org/wrap-ansi 41ms (cache revalidated)
npm http fetch GET 200 https://registry.npmjs.org/@types%2fyauzl 112ms (cache updated)
npm http fetch GET 200 https://registry.npmjs.org/p-map 70ms (cache revalidated)
npm http fetch GET 200 https://registry.npmjs.org/is-unicode-supported 45ms (cache revalidated)
npm http fetch GET 200 https://registry.npmjs.org/colorette 74ms (cache revalidated)
npm http fetch GET 200 https://registry.npmjs.org/log-update 68ms (cache revalidated)
npm http fetch GET 200 https://registry.npmjs.org/fd-slicer 41ms (cache revalidated)
npm http fetch GET 200 https://registry.npmjs.org/cli-truncate 79ms (cache revalidated)
npm http fetch GET 200 https://registry.npmjs.org/throttleit 79ms (cache revalidated)
npm http fetch GET 200 https://registry.npmjs.org/@colors%2fcolors 596ms (cache revalidated)
npm http fetch GET 200 https://registry.npmjs.org/side-channel 64ms (cache revalidated)
npm http fetch GET 200 https://registry.npmjs.org/delayed-stream 68ms (cache revalidated)
npm http fetch GET 200 https://registry.npmjs.org/jsprim 74ms (cache revalidated)
npm http fetch GET 200 https://registry.npmjs.org/punycode 78ms (cache revalidated)
npm http fetch GET 200 https://registry.npmjs.org/assert-plus 79ms (cache revalidated)
npm http fetch GET 200 https://registry.npmjs.org/mime-db 81ms (cache revalidated)
npm http fetch GET 200 https://registry.npmjs.org/psl 84ms (cache revalidated)
npm http fetch GET 200 https://registry.npmjs.org/sshpk 94ms (cache revalidated)
npm http fetch GET 200 https://registry.npmjs.org/url-parse 96ms (cache revalidated)
npm http fetch GET 200 https://registry.npmjs.org/asynckit 100ms (cache revalidated)
npm http fetch GET 200 https://registry.npmjs.org/unbzip2-stream 61ms (cache revalidated)
npm http fetch GET 200 https://registry.npmjs.org/is-natural-number 60ms (cache revalidated)
npm http fetch GET 200 https://registry.npmjs.org/seek-bzip 64ms (cache revalidated)
npm http fetch GET 200 https://registry.npmjs.org/file-type 66ms (cache revalidated)
npm http fetch GET 200 https://registry.npmjs.org/file-type 72ms (cache revalidated)
npm http fetch GET 200 https://registry.npmjs.org/file-type 75ms (cache revalidated)
npm http fetch GET 200 https://registry.npmjs.org/xtend 45ms (cache revalidated)
npm http fetch GET 200 https://registry.npmjs.org/to-buffer 48ms (cache revalidated)
npm http fetch GET 200 https://registry.npmjs.org/buffer-alloc 52ms (cache revalidated)
npm http fetch GET 200 https://registry.npmjs.org/pinkie-promise 49ms (cache revalidated)
npm http fetch GET 200 https://registry.npmjs.org/object-assign 50ms (cache revalidated)
npm http fetch GET 200 https://registry.npmjs.org/ansi-regex 63ms (cache revalidated)
npm http fetch GET 200 https://registry.npmjs.org/mimic-fn 47ms (cache revalidated)
npm http fetch GET 200 https://registry.npmjs.org/pump 54ms (cache revalidated)
npm http fetch GET 200 https://registry.npmjs.org/shebang-command 58ms (cache revalidated)
npm http fetch GET 200 https://registry.npmjs.org/path-key 61ms (cache revalidated)
npm http fetch GET 200 https://registry.npmjs.org/path-key 73ms (cache revalidated)
npm http fetch GET 200 https://registry.npmjs.org/which 74ms (cache revalidated)
npm http fetch GET 200 https://registry.npmjs.org/isexe 45ms (cache revalidated)
npm http fetch GET 200 https://registry.npmjs.org/shebang-regex 73ms (cache revalidated)
npm http fetch GET 200 https://registry.npmjs.org/pinkie 44ms (cache revalidated)
npm http fetch GET 200 https://registry.npmjs.org/wrappy 46ms (cache revalidated)
npm http fetch GET 200 https://registry.npmjs.org/brace-expansion 47ms (cache revalidated)
npm http fetch GET 200 https://registry.npmjs.org/getpass 67ms (cache revalidated)
npm http fetch GET 200 https://registry.npmjs.org/tweetnacl 77ms (cache revalidated)
npm http fetch GET 200 https://registry.npmjs.org/safer-buffer 78ms (cache revalidated)
npm http fetch GET 200 https://registry.npmjs.org/dashdash 80ms (cache revalidated)
npm http fetch GET 200 https://registry.npmjs.org/ecc-jsbn 82ms (cache revalidated)
npm http fetch GET 200 https://registry.npmjs.org/jsbn 82ms (cache revalidated)
npm http fetch GET 200 https://registry.npmjs.org/json-schema 85ms (cache revalidated)
npm http fetch GET 200 https://registry.npmjs.org/extsprintf 85ms (cache revalidated)
npm http fetch GET 200 https://registry.npmjs.org/bcrypt-pbkdf 89ms (cache revalidated)
npm http fetch GET 200 https://registry.npmjs.org/asn1 91ms (cache revalidated)
npm http fetch GET 200 https://registry.npmjs.org/verror 583ms (cache revalidated)
npm http fetch GET 200 https://registry.npmjs.org/ansi-escapes 62ms (cache revalidated)
npm http fetch GET 200 https://registry.npmjs.org/aggregate-error 66ms (cache revalidated)
npm http fetch GET 200 https://registry.npmjs.org/tslib 76ms (cache updated)
npm http fetch GET 200 https://registry.npmjs.org/astral-regex 41ms (cache revalidated)
npm http fetch GET 200 https://registry.npmjs.org/type-fest 47ms (cache revalidated)
npm http fetch GET 200 https://registry.npmjs.org/concat-map 48ms (cache revalidated)
npm http fetch GET 200 https://registry.npmjs.org/balanced-match 54ms (cache revalidated)
npm http fetch GET 200 https://registry.npmjs.org/is-glob 66ms (cache revalidated)
npm http fetch GET 200 https://registry.npmjs.org/braces 69ms (cache revalidated)
npm http fetch GET 200 https://registry.npmjs.org/is-binary-path 72ms (cache revalidated)
npm http fetch GET 200 https://registry.npmjs.org/randombytes 71ms (cache revalidated)
npm http fetch GET 200 https://registry.npmjs.org/glob-parent 77ms (cache revalidated)
npm http fetch GET 200 https://registry.npmjs.org/argparse 76ms (cache revalidated)
npm http fetch GET 200 https://registry.npmjs.org/anymatch 80ms (cache revalidated)
npm http fetch GET 200 https://registry.npmjs.org/path-exists 85ms (cache revalidated)
npm http fetch GET 200 https://registry.npmjs.org/locate-path 86ms (cache revalidated)
npm http fetch GET 200 https://registry.npmjs.org/readdirp 93ms (cache revalidated)
npm http fetch GET 200 https://registry.npmjs.org/fsevents 98ms (cache revalidated)
npm http fetch GET 200 https://registry.npmjs.org/camelcase 54ms (cache revalidated)
npm http fetch GET 200 https://registry.npmjs.org/flat 54ms (cache revalidated)
npm http fetch GET 200 https://registry.npmjs.org/escalade 58ms (cache revalidated)
npm http fetch GET 200 https://registry.npmjs.org/is-plain-obj 54ms (cache revalidated)
npm http fetch GET 200 https://registry.npmjs.org/picomatch 49ms (cache revalidated)
npm http fetch GET 200 https://registry.npmjs.org/picomatch 53ms (cache revalidated)
npm http fetch GET 200 https://registry.npmjs.org/fill-range 57ms (cache revalidated)
npm http fetch GET 200 https://registry.npmjs.org/is-extglob 64ms (cache revalidated)
npm http fetch GET 200 https://registry.npmjs.org/binary-extensions 114ms (cache revalidated)
npm http fetch GET 200 https://registry.npmjs.org/to-regex-range 50ms (cache revalidated)
npm http fetch GET 200 https://registry.npmjs.org/is-number 42ms (cache revalidated)
npm http fetch GET 200 https://registry.npmjs.org/p-locate 69ms (cache revalidated)
npm http fetch GET 200 https://registry.npmjs.org/p-limit 60ms (cache revalidated)
npm http fetch GET 200 https://registry.npmjs.org/easy-stack 68ms (cache revalidated)
npm http fetch GET 200 https://registry.npmjs.org/yocto-queue 74ms (cache revalidated)
npm http fetch GET 200 https://registry.npmjs.org/indent-string 50ms (cache revalidated)
npm http fetch GET 200 https://registry.npmjs.org/clean-stack 64ms (cache revalidated)
npm http fetch GET 200 https://registry.npmjs.org/duplexer 55ms (cache revalidated)
npm http fetch GET 200 https://registry.npmjs.org/stream-combiner 70ms (cache revalidated)
npm http fetch GET 200 https://registry.npmjs.org/split 74ms (cache revalidated)
npm http fetch GET 200 https://registry.npmjs.org/pause-stream 77ms (cache revalidated)
npm http fetch GET 200 https://registry.npmjs.org/map-stream 78ms (cache revalidated)
npm http fetch GET 200 https://registry.npmjs.org/from 90ms (cache revalidated)
npm http fetch GET 200 https://registry.npmjs.org/call-bind 56ms (cache revalidated)
npm http fetch GET 200 https://registry.npmjs.org/get-intrinsic 75ms (cache revalidated)
npm http fetch GET 200 https://registry.npmjs.org/es-errors 81ms (cache revalidated)
npm http fetch GET 200 https://registry.npmjs.org/object-inspect 80ms (cache revalidated)
npm http fetch GET 200 https://registry.npmjs.org/har-schema 70ms (cache revalidated)
npm http fetch GET 200 https://registry.npmjs.org/fast-deep-equal 60ms (cache revalidated)
npm http fetch GET 200 https://registry.npmjs.org/uri-js 73ms (cache revalidated)
npm http fetch GET 200 https://registry.npmjs.org/fast-json-stable-stringify 74ms (cache revalidated)
npm http fetch GET 200 https://registry.npmjs.org/json-schema-traverse 77ms (cache revalidated)
npm http fetch GET 200 https://registry.npmjs.org/function-bind 56ms (cache revalidated)
npm http fetch GET 200 https://registry.npmjs.org/hasown 56ms (cache revalidated)
npm http fetch GET 200 https://registry.npmjs.org/has-symbols 58ms (cache revalidated)
npm http fetch GET 200 https://registry.npmjs.org/has-proto 67ms (cache revalidated)
npm http fetch GET 200 https://registry.npmjs.org/set-function-length 69ms (cache revalidated)
npm http fetch GET 200 https://registry.npmjs.org/es-define-property 82ms (cache revalidated)
npm http fetch GET 200 https://registry.npmjs.org/gopd 62ms (cache revalidated)
npm http fetch GET 200 https://registry.npmjs.org/has-property-descriptors 75ms (cache revalidated)
npm http fetch GET 200 https://registry.npmjs.org/define-data-property 77ms (cache revalidated)
npm http fetch GET 200 https://registry.npmjs.org/requires-port 47ms (cache revalidated)
npm http fetch GET 200 https://registry.npmjs.org/querystringify 68ms (cache revalidated)
npm http fetch GET 200 https://registry.npmjs.org/write-file-atomic 50ms (cache revalidated)
npm http fetch GET 200 https://registry.npmjs.org/cli-boxes 59ms (cache revalidated)
npm http fetch GET 200 https://registry.npmjs.org/ansi-align 70ms (cache revalidated)
npm http fetch GET 200 https://registry.npmjs.org/dot-prop 73ms (cache revalidated)
npm http fetch GET 200 https://registry.npmjs.org/widest-line 77ms (cache revalidated)
npm http fetch GET 200 https://registry.npmjs.org/unique-string 89ms (cache revalidated)
npm http fetch GET 200 https://registry.npmjs.org/escape-goat 89ms (cache revalidated)
npm http fetch GET 200 https://registry.npmjs.org/package-json 110ms (cache revalidated)
npm http fetch GET 200 https://registry.npmjs.org/eastasianwidth 42ms (cache revalidated)
npm http fetch GET 200 https://registry.npmjs.org/is-obj 50ms (cache revalidated)
npm http fetch GET 200 https://registry.npmjs.org/typedarray-to-buffer 71ms (cache revalidated)
npm http fetch GET 200 https://registry.npmjs.org/crypto-random-string 74ms (cache revalidated)
npm http fetch GET 200 https://registry.npmjs.org/imurmurhash 89ms (cache revalidated)
npm http fetch GET 200 https://registry.npmjs.org/registry-auth-token 66ms (cache revalidated)
npm http fetch GET 200 https://registry.npmjs.org/registry-url 68ms (cache revalidated)
npm http fetch GET 200 https://registry.npmjs.org/got 94ms (cache revalidated)
npm http fetch GET 200 https://registry.npmjs.org/decompress-response 61ms (cache revalidated)
npm http fetch GET 200 https://registry.npmjs.org/cacheable-request 71ms (cache revalidated)
npm http fetch GET 200 https://registry.npmjs.org/lowercase-keys 79ms (cache revalidated)
npm http fetch GET 200 https://registry.npmjs.org/cacheable-lookup 80ms (cache revalidated)
npm http fetch GET 200 https://registry.npmjs.org/responselike 84ms (cache revalidated)
npm http fetch GET 200 https://registry.npmjs.org/p-cancelable 86ms (cache revalidated)
npm http fetch GET 200 https://registry.npmjs.org/http2-wrapper 87ms (cache revalidated)
npm http fetch GET 200 https://registry.npmjs.org/form-data-encoder 89ms (cache revalidated)
npm http fetch GET 200 https://registry.npmjs.org/@pnpm%2fnpm-conf 119ms (cache revalidated)
npm http fetch GET 200 https://registry.npmjs.org/rc 62ms (cache revalidated)
npm http fetch GET 200 https://registry.npmjs.org/@szmarczak%2fhttp-timer 159ms (cache revalidated)
npm http fetch GET 200 https://registry.npmjs.org/@sindresorhus%2fis 171ms (cache revalidated)
npm http fetch GET 200 https://registry.npmjs.org/mimic-response 54ms (cache revalidated)
npm http fetch GET 200 https://registry.npmjs.org/mimic-response 54ms (cache revalidated)
npm http fetch GET 200 https://registry.npmjs.org/http-cache-semantics 65ms (cache revalidated)
npm http fetch GET 200 https://registry.npmjs.org/normalize-url 68ms (cache revalidated)
npm http fetch GET 200 https://registry.npmjs.org/resolve-alpn 72ms (cache revalidated)
npm http fetch GET 200 https://registry.npmjs.org/keyv 78ms (cache revalidated)
npm http fetch GET 200 https://registry.npmjs.org/defer-to-connect 81ms (cache revalidated)
npm http fetch GET 200 https://registry.npmjs.org/quick-lru 82ms (cache revalidated)
npm http fetch GET 200 https://registry.npmjs.org/@types%2fhttp-cache-semantics 109ms (cache revalidated)
npm http fetch GET 200 https://registry.npmjs.org/json-buffer 65ms (cache revalidated)
npm http fetch GET 200 https://registry.npmjs.org/config-chain 71ms (cache revalidated)
npm http fetch GET 200 https://registry.npmjs.org/@pnpm%2fconfig.env-replace 104ms (cache revalidated)
npm http fetch GET 200 https://registry.npmjs.org/@pnpm%2fnetwork.ca-file 112ms (cache revalidated)
npm http fetch GET 200 https://registry.npmjs.org/proto-list 60ms (cache revalidated)
npm http fetch GET 200 https://registry.npmjs.org/deep-extend 70ms (cache revalidated)
npm http fetch GET 200 https://registry.npmjs.org/pend 45ms (cache revalidated)
npm http fetch GET 200 https://registry.npmjs.org/crc32-stream 81ms (cache revalidated)
npm http fetch GET 200 https://registry.npmjs.org/crc-32 69ms (cache revalidated)
npm http fetch GET 200 https://registry.npmjs.org/buffer-fill 42ms (cache revalidated)
npm http fetch GET 200 https://registry.npmjs.org/buffer-alloc-unsafe 45ms (cache revalidated)
npm http fetch GET 200 https://registry.npmjs.org/p-try 42ms (cache revalidated)
npm verbose reify failed optional dependency C:\Users\LaurenLingham\OneDrive - 2i Limited\Evidence\Cypress\edgewords-cypress\tmpBstackPackages\node_modules\fsevents
npm http fetch POST 200 https://registry.npmjs.org/-/npm/v1/security/advisories/bulk 677ms
npm warn deprecated inflight@1.0.6: This module is not supported, and leaks memory. Do not use it. Check out lru-cache if you want a good and tested way to coalesce async requests by a key value, which is much more comprehensive and powerful.
npm warn deprecated rimraf@2.5.4: Rimraf versions prior to v4 are no longer supported
npm warn deprecated har-validator@5.1.5: this library is no longer supported
npm warn deprecated glob@7.2.3: Glob versions prior to v9 are no longer supported
npm warn deprecated glob@8.1.0: Glob versions prior to v9 are no longer supported
npm http fetch GET 200 https://registry.npmjs.org/tslib/-/tslib-2.7.0.tgz 1910ms (cache miss)
npm warn deprecated uuid@3.4.0: Please upgrade  to version 7 or higher.  Older versions may use Math.random() in certain circumstances, which is known to be problematic.  See https://v8.dev/blog/math-random for details.
npm warn deprecated request@2.88.2: request has been deprecated, see https://github.com/request/request/issues/3142
npm http fetch GET 200 https://registry.npmjs.org/@cypress/request/-/request-2.88.12.tgz 2003ms (cache miss)
npm http fetch GET 200 https://registry.npmjs.org/dayjs/-/dayjs-1.11.13.tgz 3249ms (cache miss)
npm http fetch GET 200 https://registry.npmjs.org/cypress/-/cypress-12.17.4.tgz 3742ms (cache miss)
npm info run cypress@12.17.4 postinstall node_modules/cypress node index.js --exec install
npm info run cypress@12.17.4 postinstall { code: 0, signal: null }

added 458 packages, and audited 459 packages in 18s

94 packages are looking for funding
  run `npm fund` for details

5 moderate severity vulnerabilities

To address all issues (including breaking changes), run:
  npm audit fix --force

Run `npm audit` for details.
npm verbose exit 0
npm info ok
